<?xml version="1.0" encoding="UTF-8"?>
<testsuite name="SILab2Test" tests="2" skipped="0" failures="0" errors="0" timestamp="2022-06-03T12:27:47" hostname="DESKTOP-ODJTNB7" time="0.022">
  <properties/>
  <testcase name="EveryBranchTest()" classname="SILab2Test" time="0.019"/>
  <testcase name="EveryStatementTest()" classname="SILab2Test" time="0.002"/>
  <system-out><![CDATA[]]></system-out>
  <system-err><![CDATA[]]></system-err>
</testsuite>
